Compiling the CXX compiler identification source file "CMakeCXXCompilerId.cpp" failed.
Compiler: CMAKE_CXX_COMPILER-NOTFOUND 
Build flags: 
Id flags:  

The output was:
No such file or directory


Compiling the CXX compiler identification source file "CMakeCXXCompilerId.cpp" failed.
Compiler: CMAKE_CXX_COMPILER-NOTFOUND 
Build flags: 
Id flags: -c 

The output was:
No such file or directory


Compiling the CXX compiler identification source file "CMakeCXXCompilerId.cpp" failed.
Compiler: CMAKE_CXX_COMPILER-NOTFOUND 
Build flags: 
Id flags: --c++ 

The output was:
No such file or directory


Compiling the CXX compiler identification source file "CMakeCXXCompilerId.cpp" failed.
Compiler: CMAKE_CXX_COMPILER-NOTFOUND 
Build flags: 
Id flags: --ec++ 

The output was:
No such file or directory


Compiling the CXX compiler identification source file "CMakeCXXCompilerId.cpp" failed.
Compiler: CMAKE_CXX_COMPILER-NOTFOUND 
Build flags: 
Id flags: --target=arm-arm-none-eabi;-mcpu=cortex-m3 

The output was:
No such file or directory


Compiling the CXX compiler identification source file "CMakeCXXCompilerId.cpp" failed.
Compiler: CMAKE_CXX_COMPILER-NOTFOUND 
Build flags: 
Id flags: -c;-I__does_not_exist__ 

The output was:
No such file or directory


Compiling the CXX compiler identification source file "CMakeCXXCompilerId.cpp" failed.
Compiler: CMAKE_CXX_COMPILER-NOTFOUND 
Build flags: 
Id flags:  

The output was:
No such file or directory


Compiling the CXX compiler identification source file "CMakeCXXCompilerId.cpp" failed.
Compiler: CMAKE_CXX_COMPILER-NOTFOUND 
Build flags: 
Id flags: -c 

The output was:
No such file or directory


Compiling the CXX compiler identification source file "CMakeCXXCompilerId.cpp" failed.
Compiler: CMAKE_CXX_COMPILER-NOTFOUND 
Build flags: 
Id flags: --c++ 

The output was:
No such file or directory


Compiling the CXX compiler identification source file "CMakeCXXCompilerId.cpp" failed.
Compiler: CMAKE_CXX_COMPILER-NOTFOUND 
Build flags: 
Id flags: --ec++ 

The output was:
No such file or directory


Compiling the CXX compiler identification source file "CMakeCXXCompilerId.cpp" failed.
Compiler: CMAKE_CXX_COMPILER-NOTFOUND 
Build flags: 
Id flags: --target=arm-arm-none-eabi;-mcpu=cortex-m3 

The output was:
No such file or directory


Compiling the CXX compiler identification source file "CMakeCXXCompilerId.cpp" failed.
Compiler: CMAKE_CXX_COMPILER-NOTFOUND 
Build flags: 
Id flags: -c;-I__does_not_exist__ 

The output was:
No such file or directory


Compiling the CXX compiler identification source file "CMakeCXXCompilerId.cpp" failed.
Compiler: CMAKE_CXX_COMPILER-NOTFOUND 
Build flags: 
Id flags:  

The output was:
No such file or directory


Compiling the CXX compiler identification source file "CMakeCXXCompilerId.cpp" failed.
Compiler: CMAKE_CXX_COMPILER-NOTFOUND 
Build flags: 
Id flags: -c 

The output was:
No such file or directory


Compiling the CXX compiler identification source file "CMakeCXXCompilerId.cpp" failed.
Compiler: CMAKE_CXX_COMPILER-NOTFOUND 
Build flags: 
Id flags: --c++ 

The output was:
No such file or directory


Compiling the CXX compiler identification source file "CMakeCXXCompilerId.cpp" failed.
Compiler: CMAKE_CXX_COMPILER-NOTFOUND 
Build flags: 
Id flags: --ec++ 

The output was:
No such file or directory


Compiling the CXX compiler identification source file "CMakeCXXCompilerId.cpp" failed.
Compiler: CMAKE_CXX_COMPILER-NOTFOUND 
Build flags: 
Id flags: --target=arm-arm-none-eabi;-mcpu=cortex-m3 

The output was:
No such file or directory


Compiling the CXX compiler identification source file "CMakeCXXCompilerId.cpp" failed.
Compiler: CMAKE_CXX_COMPILER-NOTFOUND 
Build flags: 
Id flags: -c;-I__does_not_exist__ 

The output was:
No such file or directory


Compiling the CXX compiler identification source file "CMakeCXXCompilerId.cpp" failed.
Compiler: CMAKE_CXX_COMPILER-NOTFOUND 
Build flags: 
Id flags:  

The output was:
No such file or directory


Compiling the CXX compiler identification source file "CMakeCXXCompilerId.cpp" failed.
Compiler: CMAKE_CXX_COMPILER-NOTFOUND 
Build flags: 
Id flags: -c 

The output was:
No such file or directory


Compiling the CXX compiler identification source file "CMakeCXXCompilerId.cpp" failed.
Compiler: CMAKE_CXX_COMPILER-NOTFOUND 
Build flags: 
Id flags: --c++ 

The output was:
No such file or directory


Compiling the CXX compiler identification source file "CMakeCXXCompilerId.cpp" failed.
Compiler: CMAKE_CXX_COMPILER-NOTFOUND 
Build flags: 
Id flags: --ec++ 

The output was:
No such file or directory


Compiling the CXX compiler identification source file "CMakeCXXCompilerId.cpp" failed.
Compiler: CMAKE_CXX_COMPILER-NOTFOUND 
Build flags: 
Id flags: --target=arm-arm-none-eabi;-mcpu=cortex-m3 

The output was:
No such file or directory


Compiling the CXX compiler identification source file "CMakeCXXCompilerId.cpp" failed.
Compiler: CMAKE_CXX_COMPILER-NOTFOUND 
Build flags: 
Id flags: -c;-I__does_not_exist__ 

The output was:
No such file or directory


Compiling the CXX compiler identification source file "CMakeCXXCompilerId.cpp" failed.
Compiler: CMAKE_CXX_COMPILER-NOTFOUND 
Build flags: 
Id flags:  

The output was:
No such file or directory


Compiling the CXX compiler identification source file "CMakeCXXCompilerId.cpp" failed.
Compiler: CMAKE_CXX_COMPILER-NOTFOUND 
Build flags: 
Id flags: -c 

The output was:
No such file or directory


Compiling the CXX compiler identification source file "CMakeCXXCompilerId.cpp" failed.
Compiler: CMAKE_CXX_COMPILER-NOTFOUND 
Build flags: 
Id flags: --c++ 

The output was:
No such file or directory


Compiling the CXX compiler identification source file "CMakeCXXCompilerId.cpp" failed.
Compiler: CMAKE_CXX_COMPILER-NOTFOUND 
Build flags: 
Id flags: --ec++ 

The output was:
No such file or directory


Compiling the CXX compiler identification source file "CMakeCXXCompilerId.cpp" failed.
Compiler: CMAKE_CXX_COMPILER-NOTFOUND 
Build flags: 
Id flags: --target=arm-arm-none-eabi;-mcpu=cortex-m3 

The output was:
No such file or directory


Compiling the CXX compiler identification source file "CMakeCXXCompilerId.cpp" failed.
Compiler: CMAKE_CXX_COMPILER-NOTFOUND 
Build flags: 
Id flags: -c;-I__does_not_exist__ 

The output was:
No such file or directory


Compiling the CXX compiler identification source file "CMakeCXXCompilerId.cpp" failed.
Compiler: CMAKE_CXX_COMPILER-NOTFOUND 
Build flags: 
Id flags:  

The output was:
No such file or directory


Compiling the CXX compiler identification source file "CMakeCXXCompilerId.cpp" failed.
Compiler: CMAKE_CXX_COMPILER-NOTFOUND 
Build flags: 
Id flags: -c 

The output was:
No such file or directory


Compiling the CXX compiler identification source file "CMakeCXXCompilerId.cpp" failed.
Compiler: CMAKE_CXX_COMPILER-NOTFOUND 
Build flags: 
Id flags: --c++ 

The output was:
No such file or directory


Compiling the CXX compiler identification source file "CMakeCXXCompilerId.cpp" failed.
Compiler: CMAKE_CXX_COMPILER-NOTFOUND 
Build flags: 
Id flags: --ec++ 

The output was:
No such file or directory


Compiling the CXX compiler identification source file "CMakeCXXCompilerId.cpp" failed.
Compiler: CMAKE_CXX_COMPILER-NOTFOUND 
Build flags: 
Id flags: --target=arm-arm-none-eabi;-mcpu=cortex-m3 

The output was:
No such file or directory


Compiling the CXX compiler identification source file "CMakeCXXCompilerId.cpp" failed.
Compiler: CMAKE_CXX_COMPILER-NOTFOUND 
Build flags: 
Id flags: -c;-I__does_not_exist__ 

The output was:
No such file or directory


Determining if the __sparc exist failed with the following output:
Change Dir: /home/rafael/Documentos/TFSim/systemc-2.3.3/build/CMakeFiles/CMakeTmp

Run Build Command(s):/usr/bin/gmake -f Makefile cmTC_36c1c/fast && /usr/bin/gmake  -f CMakeFiles/cmTC_36c1c.dir/build.make CMakeFiles/cmTC_36c1c.dir/build
gmake[1]: Entrando no diretório '/home/rafael/Documentos/TFSim/systemc-2.3.3/build/CMakeFiles/CMakeTmp'
Building C object CMakeFiles/cmTC_36c1c.dir/CheckSymbolExists.c.o
/usr/bin/cc    -o CMakeFiles/cmTC_36c1c.dir/CheckSymbolExists.c.o -c /home/rafael/Documentos/TFSim/systemc-2.3.3/build/CMakeFiles/CMakeTmp/CheckSymbolExists.c
/home/rafael/Documentos/TFSim/systemc-2.3.3/build/CMakeFiles/CMakeTmp/CheckSymbolExists.c: In function ‘main’:
/home/rafael/Documentos/TFSim/systemc-2.3.3/build/CMakeFiles/CMakeTmp/CheckSymbolExists.c:7:19: error: ‘__sparc’ undeclared (first use in this function)
    7 |   return ((int*)(&__sparc))[argc];
      |                   ^~~~~~~
/home/rafael/Documentos/TFSim/systemc-2.3.3/build/CMakeFiles/CMakeTmp/CheckSymbolExists.c:7:19: note: each undeclared identifier is reported only once for each function it appears in
gmake[1]: *** [CMakeFiles/cmTC_36c1c.dir/build.make:78: CMakeFiles/cmTC_36c1c.dir/CheckSymbolExists.c.o] Erro 1
gmake[1]: Saindo do diretório '/home/rafael/Documentos/TFSim/systemc-2.3.3/build/CMakeFiles/CMakeTmp'
gmake: *** [Makefile:127: cmTC_36c1c/fast] Erro 2


File /home/rafael/Documentos/TFSim/systemc-2.3.3/build/CMakeFiles/CMakeTmp/CheckSymbolExists.c:
/* */

int main(int argc, char** argv)
{
  (void)argv;
#ifndef __sparc
  return ((int*)(&__sparc))[argc];
#else
  (void)argc;
  return 0;
#endif
}
Determining if the __sparc__ exist failed with the following output:
Change Dir: /home/rafael/Documentos/TFSim/systemc-2.3.3/build/CMakeFiles/CMakeTmp

Run Build Command(s):/usr/bin/gmake -f Makefile cmTC_4afa6/fast && /usr/bin/gmake  -f CMakeFiles/cmTC_4afa6.dir/build.make CMakeFiles/cmTC_4afa6.dir/build
gmake[1]: Entrando no diretório '/home/rafael/Documentos/TFSim/systemc-2.3.3/build/CMakeFiles/CMakeTmp'
Building C object CMakeFiles/cmTC_4afa6.dir/CheckSymbolExists.c.o
/usr/bin/cc    -o CMakeFiles/cmTC_4afa6.dir/CheckSymbolExists.c.o -c /home/rafael/Documentos/TFSim/systemc-2.3.3/build/CMakeFiles/CMakeTmp/CheckSymbolExists.c
/home/rafael/Documentos/TFSim/systemc-2.3.3/build/CMakeFiles/CMakeTmp/CheckSymbolExists.c: In function ‘main’:
/home/rafael/Documentos/TFSim/systemc-2.3.3/build/CMakeFiles/CMakeTmp/CheckSymbolExists.c:7:19: error: ‘__sparc__’ undeclared (first use in this function)
    7 |   return ((int*)(&__sparc__))[argc];
      |                   ^~~~~~~~~
/home/rafael/Documentos/TFSim/systemc-2.3.3/build/CMakeFiles/CMakeTmp/CheckSymbolExists.c:7:19: note: each undeclared identifier is reported only once for each function it appears in
gmake[1]: *** [CMakeFiles/cmTC_4afa6.dir/build.make:78: CMakeFiles/cmTC_4afa6.dir/CheckSymbolExists.c.o] Erro 1
gmake[1]: Saindo do diretório '/home/rafael/Documentos/TFSim/systemc-2.3.3/build/CMakeFiles/CMakeTmp'
gmake: *** [Makefile:127: cmTC_4afa6/fast] Erro 2


File /home/rafael/Documentos/TFSim/systemc-2.3.3/build/CMakeFiles/CMakeTmp/CheckSymbolExists.c:
/* */

int main(int argc, char** argv)
{
  (void)argv;
#ifndef __sparc__
  return ((int*)(&__sparc__))[argc];
#else
  (void)argc;
  return 0;
#endif
}
Determining if the __hppa exist failed with the following output:
Change Dir: /home/rafael/Documentos/TFSim/systemc-2.3.3/build/CMakeFiles/CMakeTmp

Run Build Command(s):/usr/bin/gmake -f Makefile cmTC_dede7/fast && /usr/bin/gmake  -f CMakeFiles/cmTC_dede7.dir/build.make CMakeFiles/cmTC_dede7.dir/build
gmake[1]: Entrando no diretório '/home/rafael/Documentos/TFSim/systemc-2.3.3/build/CMakeFiles/CMakeTmp'
Building C object CMakeFiles/cmTC_dede7.dir/CheckSymbolExists.c.o
/usr/bin/cc    -o CMakeFiles/cmTC_dede7.dir/CheckSymbolExists.c.o -c /home/rafael/Documentos/TFSim/systemc-2.3.3/build/CMakeFiles/CMakeTmp/CheckSymbolExists.c
/home/rafael/Documentos/TFSim/systemc-2.3.3/build/CMakeFiles/CMakeTmp/CheckSymbolExists.c: In function ‘main’:
/home/rafael/Documentos/TFSim/systemc-2.3.3/build/CMakeFiles/CMakeTmp/CheckSymbolExists.c:7:19: error: ‘__hppa’ undeclared (first use in this function)
    7 |   return ((int*)(&__hppa))[argc];
      |                   ^~~~~~
/home/rafael/Documentos/TFSim/systemc-2.3.3/build/CMakeFiles/CMakeTmp/CheckSymbolExists.c:7:19: note: each undeclared identifier is reported only once for each function it appears in
gmake[1]: *** [CMakeFiles/cmTC_dede7.dir/build.make:78: CMakeFiles/cmTC_dede7.dir/CheckSymbolExists.c.o] Erro 1
gmake[1]: Saindo do diretório '/home/rafael/Documentos/TFSim/systemc-2.3.3/build/CMakeFiles/CMakeTmp'
gmake: *** [Makefile:127: cmTC_dede7/fast] Erro 2


File /home/rafael/Documentos/TFSim/systemc-2.3.3/build/CMakeFiles/CMakeTmp/CheckSymbolExists.c:
/* */

int main(int argc, char** argv)
{
  (void)argv;
#ifndef __hppa
  return ((int*)(&__hppa))[argc];
#else
  (void)argc;
  return 0;
#endif
}
Determining if the __i386 exist failed with the following output:
Change Dir: /home/rafael/Documentos/TFSim/systemc-2.3.3/build/CMakeFiles/CMakeTmp

Run Build Command(s):/usr/bin/gmake -f Makefile cmTC_2bcae/fast && /usr/bin/gmake  -f CMakeFiles/cmTC_2bcae.dir/build.make CMakeFiles/cmTC_2bcae.dir/build
gmake[1]: Entrando no diretório '/home/rafael/Documentos/TFSim/systemc-2.3.3/build/CMakeFiles/CMakeTmp'
Building C object CMakeFiles/cmTC_2bcae.dir/CheckSymbolExists.c.o
/usr/bin/cc    -o CMakeFiles/cmTC_2bcae.dir/CheckSymbolExists.c.o -c /home/rafael/Documentos/TFSim/systemc-2.3.3/build/CMakeFiles/CMakeTmp/CheckSymbolExists.c
/home/rafael/Documentos/TFSim/systemc-2.3.3/build/CMakeFiles/CMakeTmp/CheckSymbolExists.c: In function ‘main’:
/home/rafael/Documentos/TFSim/systemc-2.3.3/build/CMakeFiles/CMakeTmp/CheckSymbolExists.c:7:19: error: ‘__i386’ undeclared (first use in this function)
    7 |   return ((int*)(&__i386))[argc];
      |                   ^~~~~~
/home/rafael/Documentos/TFSim/systemc-2.3.3/build/CMakeFiles/CMakeTmp/CheckSymbolExists.c:7:19: note: each undeclared identifier is reported only once for each function it appears in
gmake[1]: *** [CMakeFiles/cmTC_2bcae.dir/build.make:78: CMakeFiles/cmTC_2bcae.dir/CheckSymbolExists.c.o] Erro 1
gmake[1]: Saindo do diretório '/home/rafael/Documentos/TFSim/systemc-2.3.3/build/CMakeFiles/CMakeTmp'
gmake: *** [Makefile:127: cmTC_2bcae/fast] Erro 2


File /home/rafael/Documentos/TFSim/systemc-2.3.3/build/CMakeFiles/CMakeTmp/CheckSymbolExists.c:
/* */

int main(int argc, char** argv)
{
  (void)argv;
#ifndef __i386
  return ((int*)(&__i386))[argc];
#else
  (void)argc;
  return 0;
#endif
}
Determining if the __aarch64__ exist failed with the following output:
Change Dir: /home/rafael/Documentos/TFSim/systemc-2.3.3/build/CMakeFiles/CMakeTmp

Run Build Command(s):/usr/bin/gmake -f Makefile cmTC_e76db/fast && /usr/bin/gmake  -f CMakeFiles/cmTC_e76db.dir/build.make CMakeFiles/cmTC_e76db.dir/build
gmake[1]: Entrando no diretório '/home/rafael/Documentos/TFSim/systemc-2.3.3/build/CMakeFiles/CMakeTmp'
Building C object CMakeFiles/cmTC_e76db.dir/CheckSymbolExists.c.o
/usr/bin/cc    -o CMakeFiles/cmTC_e76db.dir/CheckSymbolExists.c.o -c /home/rafael/Documentos/TFSim/systemc-2.3.3/build/CMakeFiles/CMakeTmp/CheckSymbolExists.c
/home/rafael/Documentos/TFSim/systemc-2.3.3/build/CMakeFiles/CMakeTmp/CheckSymbolExists.c: In function ‘main’:
/home/rafael/Documentos/TFSim/systemc-2.3.3/build/CMakeFiles/CMakeTmp/CheckSymbolExists.c:7:19: error: ‘__aarch64__’ undeclared (first use in this function)
    7 |   return ((int*)(&__aarch64__))[argc];
      |                   ^~~~~~~~~~~
/home/rafael/Documentos/TFSim/systemc-2.3.3/build/CMakeFiles/CMakeTmp/CheckSymbolExists.c:7:19: note: each undeclared identifier is reported only once for each function it appears in
gmake[1]: *** [CMakeFiles/cmTC_e76db.dir/build.make:78: CMakeFiles/cmTC_e76db.dir/CheckSymbolExists.c.o] Erro 1
gmake[1]: Saindo do diretório '/home/rafael/Documentos/TFSim/systemc-2.3.3/build/CMakeFiles/CMakeTmp'
gmake: *** [Makefile:127: cmTC_e76db/fast] Erro 2


File /home/rafael/Documentos/TFSim/systemc-2.3.3/build/CMakeFiles/CMakeTmp/CheckSymbolExists.c:
/* */

int main(int argc, char** argv)
{
  (void)argv;
#ifndef __aarch64__
  return ((int*)(&__aarch64__))[argc];
#else
  (void)argc;
  return 0;
#endif
}
Determining if the __ppc__ exist failed with the following output:
Change Dir: /home/rafael/Documentos/TFSim/systemc-2.3.3/build/CMakeFiles/CMakeTmp

Run Build Command(s):/usr/bin/gmake -f Makefile cmTC_d42b1/fast && /usr/bin/gmake  -f CMakeFiles/cmTC_d42b1.dir/build.make CMakeFiles/cmTC_d42b1.dir/build
gmake[1]: Entrando no diretório '/home/rafael/Documentos/TFSim/systemc-2.3.3/build/CMakeFiles/CMakeTmp'
Building C object CMakeFiles/cmTC_d42b1.dir/CheckSymbolExists.c.o
/usr/bin/cc    -o CMakeFiles/cmTC_d42b1.dir/CheckSymbolExists.c.o -c /home/rafael/Documentos/TFSim/systemc-2.3.3/build/CMakeFiles/CMakeTmp/CheckSymbolExists.c
/home/rafael/Documentos/TFSim/systemc-2.3.3/build/CMakeFiles/CMakeTmp/CheckSymbolExists.c: In function ‘main’:
/home/rafael/Documentos/TFSim/systemc-2.3.3/build/CMakeFiles/CMakeTmp/CheckSymbolExists.c:7:19: error: ‘__ppc__’ undeclared (first use in this function)
    7 |   return ((int*)(&__ppc__))[argc];
      |                   ^~~~~~~
/home/rafael/Documentos/TFSim/systemc-2.3.3/build/CMakeFiles/CMakeTmp/CheckSymbolExists.c:7:19: note: each undeclared identifier is reported only once for each function it appears in
gmake[1]: *** [CMakeFiles/cmTC_d42b1.dir/build.make:78: CMakeFiles/cmTC_d42b1.dir/CheckSymbolExists.c.o] Erro 1
gmake[1]: Saindo do diretório '/home/rafael/Documentos/TFSim/systemc-2.3.3/build/CMakeFiles/CMakeTmp'
gmake: *** [Makefile:127: cmTC_d42b1/fast] Erro 2


File /home/rafael/Documentos/TFSim/systemc-2.3.3/build/CMakeFiles/CMakeTmp/CheckSymbolExists.c:
/* */

int main(int argc, char** argv)
{
  (void)argv;
#ifndef __ppc__
  return ((int*)(&__ppc__))[argc];
#else
  (void)argc;
  return 0;
#endif
}
Determining if the __powerpc exist failed with the following output:
Change Dir: /home/rafael/Documentos/TFSim/systemc-2.3.3/build/CMakeFiles/CMakeTmp

Run Build Command(s):/usr/bin/gmake -f Makefile cmTC_f72a4/fast && /usr/bin/gmake  -f CMakeFiles/cmTC_f72a4.dir/build.make CMakeFiles/cmTC_f72a4.dir/build
gmake[1]: Entrando no diretório '/home/rafael/Documentos/TFSim/systemc-2.3.3/build/CMakeFiles/CMakeTmp'
Building C object CMakeFiles/cmTC_f72a4.dir/CheckSymbolExists.c.o
/usr/bin/cc    -o CMakeFiles/cmTC_f72a4.dir/CheckSymbolExists.c.o -c /home/rafael/Documentos/TFSim/systemc-2.3.3/build/CMakeFiles/CMakeTmp/CheckSymbolExists.c
/home/rafael/Documentos/TFSim/systemc-2.3.3/build/CMakeFiles/CMakeTmp/CheckSymbolExists.c: In function ‘main’:
/home/rafael/Documentos/TFSim/systemc-2.3.3/build/CMakeFiles/CMakeTmp/CheckSymbolExists.c:7:19: error: ‘__powerpc’ undeclared (first use in this function)
    7 |   return ((int*)(&__powerpc))[argc];
      |                   ^~~~~~~~~
/home/rafael/Documentos/TFSim/systemc-2.3.3/build/CMakeFiles/CMakeTmp/CheckSymbolExists.c:7:19: note: each undeclared identifier is reported only once for each function it appears in
gmake[1]: *** [CMakeFiles/cmTC_f72a4.dir/build.make:78: CMakeFiles/cmTC_f72a4.dir/CheckSymbolExists.c.o] Erro 1
gmake[1]: Saindo do diretório '/home/rafael/Documentos/TFSim/systemc-2.3.3/build/CMakeFiles/CMakeTmp'
gmake: *** [Makefile:127: cmTC_f72a4/fast] Erro 2


File /home/rafael/Documentos/TFSim/systemc-2.3.3/build/CMakeFiles/CMakeTmp/CheckSymbolExists.c:
/* */

int main(int argc, char** argv)
{
  (void)argv;
#ifndef __powerpc
  return ((int*)(&__powerpc))[argc];
#else
  (void)argc;
  return 0;
#endif
}
